2026-04-12 19:24:01,666 | INFO | Dependency graph built: 52 nodes, 74 edges
2026-04-12 19:24:01,808 | INFO | Domain loaded: 'core_banking' from domains.yaml
2026-04-12 19:24:02,059 | INFO | Live DB row counts fetched: 8 tables have data.
2026-04-12 19:24:02,059 | DEBUG | Root tables: ['tstg_aa_product', 'tstg_ac_charge_request', 'tstg_ac_locked_events', 'tstg_company', 'tstg_eb_queries_answers', 'tstg_por_supplementary_info', 'tstg_por_transaction_and_confirmation', 'tstg_re_stat_line_cont_details']
2026-04-12 19:24:02,061 | INFO | Generation order determined: 52 tables
2026-04-12 19:24:02,061 | INFO |   Root 'tstg_aa_product': live DB count = 50
2026-04-12 19:24:02,061 | INFO |   Root 'tstg_ac_charge_request': live DB count = 50
2026-04-12 19:24:02,061 | INFO |   Root 'tstg_ac_locked_events': live DB count = 50
2026-04-12 19:24:02,061 | INFO |   Root 'tstg_company': live DB count = 50
2026-04-12 19:24:02,061 | INFO |   Root 'tstg_eb_queries_answers': live DB count = 50
2026-04-12 19:24:02,061 | INFO |   Root 'tstg_por_supplementary_info': live DB count = 50
2026-04-12 19:24:02,061 | INFO |   Root 'tstg_por_transaction_and_confirmation': live DB count = 50
2026-04-12 19:24:02,062 | INFO |   Root 'tstg_re_stat_line_cont_details': live DB count = 50
2026-04-12 19:24:02,062 | DEBUG |   Child 'tstg_aa_product_details': heuristic ratio 1 ū parent 'tstg_aa_product'(50) = 50  [AUTO]
2026-04-12 19:24:02,062 | DEBUG |   Child 'tstg_ac_charge_request_details': heuristic ratio 1 ū parent 'tstg_ac_charge_request'(50) = 50  [AUTO]
2026-04-12 19:24:02,062 | DEBUG |   Child 'tstg_ac_locked_events_details': heuristic ratio 1 ū parent 'tstg_ac_locked_events'(50) = 50  [AUTO]
2026-04-12 19:24:02,062 | DEBUG |   Child 'tstg_category': heuristic ratio 6 ū parent 'tstg_company'(50) = 300  [AUTO]
2026-04-12 19:24:02,062 | DEBUG |   Child 'tstg_company_details': heuristic ratio 1 ū parent 'tstg_company'(50) = 50  [AUTO]
2026-04-12 19:24:02,062 | DEBUG |   Child 'tstg_currency': heuristic ratio 10 ū parent 'tstg_company'(50) = 500  [AUTO]
2026-04-12 19:24:02,062 | DEBUG |   Child 'tstg_dates': heuristic ratio 5 ū parent 'tstg_company'(50) = 250  [AUTO]
2026-04-12 19:24:02,062 | DEBUG |   Child 'tstg_dept_acct_officer': heuristic ratio 5 ū parent 'tstg_company'(50) = 250  [AUTO]
2026-04-12 19:24:02,063 | DEBUG |   Child 'tstg_industry': heuristic ratio 10 ū parent 'tstg_company'(50) = 500  [AUTO]
2026-04-12 19:24:02,063 | DEBUG |   Child 'tstg_pp_messagetype': heuristic ratio 5 ū parent 'tstg_company'(50) = 250  [AUTO]
2026-04-12 19:24:02,063 | DEBUG |   Child 'tstg_pp_statuscode': heuristic ratio 5 ū parent 'tstg_company'(50) = 250  [AUTO]
2026-04-12 19:24:02,063 | DEBUG |   Child 'tstg_ppt_receivedbulkdetails': heuristic ratio 5 ū parent 'tstg_company'(50) = 250  [AUTO]
2026-04-12 19:24:02,063 | DEBUG |   Child 'tstg_sector': heuristic ratio 8 ū parent 'tstg_company'(50) = 400  [AUTO]
2026-04-12 19:24:02,063 | DEBUG |   Child 'tstg_transaction': heuristic ratio 15 ū parent 'tstg_company'(50) = 750  [AUTO]
2026-04-12 19:24:02,063 | DEBUG |   Child 'tstg_eb_queries_answers_details': heuristic ratio 1 ū parent 'tstg_eb_queries_answers'(50) = 50  [AUTO]
2026-04-12 19:24:02,063 | DEBUG |   Child 'tstg_por_supplementary_info_details': heuristic ratio 1 ū parent 'tstg_por_supplementary_info'(50) = 50  [AUTO]
2026-04-12 19:24:02,063 | DEBUG |   Child 'tstg_por_transaction_and_confirmation_details': heuristic ratio 1 ū parent 'tstg_por_transaction_and_confirmation'(50) = 50  [AUTO]
2026-04-12 19:24:02,063 | DEBUG |   Child 'tstg_aa_arr_account': heuristic ratio 3 ū parent 'tstg_currency'(500) = 1500  [AUTO]
2026-04-12 19:24:02,063 | DEBUG |   Child 'tstg_country': heuristic ratio 20 ū parent 'tstg_company'(50) = 1000  [AUTO]
2026-04-12 19:24:02,063 | DEBUG |   Child 'tstg_currency_details': heuristic ratio 1 ū parent 'tstg_currency'(500) = 500  [AUTO]
2026-04-12 19:24:02,063 | DEBUG |   Child 'tstg_pp_messagetype_details': heuristic ratio 1 ū parent 'tstg_pp_messagetype'(250) = 250  [AUTO]
2026-04-12 19:24:02,063 | DEBUG |   Child 'tstg_por_transaction': heuristic ratio 15 ū parent 'tstg_pp_messagetype'(250) = 3750  [AUTO]
2026-04-12 19:24:02,063 | DEBUG |   Child 'tstg_pp_statuscode_details': heuristic ratio 1 ū parent 'tstg_pp_statuscode'(250) = 250  [AUTO]
2026-04-12 19:24:02,063 | DEBUG |   Child 'tstg_ppt_receivedbulkdetails_details': heuristic ratio 1 ū parent 'tstg_ppt_receivedbulkdetails'(250) = 250  [AUTO]
2026-04-12 19:24:02,063 | DEBUG |   Child 'tstg_aa_arr_account_details': heuristic ratio 1 ū parent 'tstg_aa_arr_account'(1500) = 1500  [AUTO]
2026-04-12 19:24:02,063 | DEBUG |   Child 'tstg_account': heuristic ratio 3 ū parent 'tstg_category'(300) = 900  [AUTO]
2026-04-12 19:24:02,063 | DEBUG |   Child 'tstg_collateral': heuristic ratio 1 ū parent 'tstg_company'(50) = 50  [AUTO]
2026-04-12 19:24:02,063 | DEBUG |   Child 'tstg_customer': heuristic ratio 50 ū parent 'tstg_dept_acct_officer'(250) = 12500  [AUTO]
2026-04-12 19:24:02,063 | DEBUG |   Child 'tstg_pp_order_entry': heuristic ratio 10 ū parent 'tstg_por_transaction'(3750) = 37500  [AUTO]
2026-04-12 19:24:02,063 | DEBUG |   Child 'tstg_account_details': heuristic ratio 1 ū parent 'tstg_account'(900) = 900  [AUTO]
2026-04-12 19:24:02,063 | DEBUG |   Child 'tstg_aa_arrangement': heuristic ratio 3 ū parent 'tstg_company'(50) = 150  [AUTO]
2026-04-12 19:24:02,063 | DEBUG |   Child 'tstg_atm_transaction': heuristic ratio 15 ū parent 'tstg_customer'(12500) = 187500  [AUTO]
2026-04-12 19:24:02,063 | DEBUG |   Child 'tstg_customer_details': heuristic ratio 1 ū parent 'tstg_customer'(12500) = 12500  [AUTO]
2026-04-12 19:24:02,063 | DEBUG |   Child 'tstg_eb_contract_balances': heuristic ratio 2 ū parent 'tstg_collateral'(50) = 100  [AUTO]
2026-04-12 19:24:02,063 | DEBUG |   Child 'tstg_stmt_entry': heuristic ratio 20 ū parent 'tstg_account'(900) = 18000  [AUTO]
2026-04-12 19:24:02,063 | DEBUG |   Child 'tstg_pp_order_entry_details': heuristic ratio 1 ū parent 'tstg_pp_order_entry'(37500) = 37500  [AUTO]
2026-04-12 19:24:02,063 | DEBUG |   Child 'tstg_aa_accountdetail': heuristic ratio 3 ū parent 'tstg_aa_arrangement'(150) = 450  [AUTO]
2026-04-12 19:24:02,063 | DEBUG |   Child 'tstg_aa_arrangement_activity': heuristic ratio 8 ū parent 'tstg_aa_arrangement'(150) = 1200  [AUTO]
2026-04-12 19:24:02,063 | DEBUG |   Child 'tstg_aa_arrangement_details': heuristic ratio 1 ū parent 'tstg_aa_arrangement'(150) = 150  [AUTO]
2026-04-12 19:24:02,063 | DEBUG |   Child 'tstg_atm_transaction_details': heuristic ratio 1 ū parent 'tstg_atm_transaction'(187500) = 187500  [AUTO]
2026-04-12 19:24:02,064 | DEBUG |   Child 'tstg_eb_contract_balances_details': heuristic ratio 1 ū parent 'tstg_eb_contract_balances'(100) = 100  [AUTO]
2026-04-12 19:24:02,064 | DEBUG |   Child 'tstg_stmt_entry_details': heuristic ratio 1 ū parent 'tstg_stmt_entry'(18000) = 18000  [AUTO]
2026-04-12 19:24:02,064 | DEBUG |   Child 'tstg_aa_accountdetail_details': heuristic ratio 1 ū parent 'tstg_aa_accountdetail'(450) = 450  [AUTO]
2026-04-12 19:24:02,064 | DEBUG |   Child 'tstg_aa_arrangement_activity_details': heuristic ratio 1 ū parent 'tstg_aa_arrangement_activity'(1200) = 1200  [AUTO]
2026-04-12 19:24:02,064 | INFO | Generation order determined: 52 tables
2026-04-12 19:24:02,064 | INFO | Volume plan: 52 tables, 530100 total rows (52 auto-inferred).
2026-04-12 19:24:02,065 | WARNING | Could not load seed registry: Expecting value: line 1 column 1 (char 0) Ś starting fresh.
2026-04-12 19:24:02,065 | INFO | SeedManager: profile='default' global_seed=42 run_id=20260412_192402
2026-04-12 19:24:02,066 | INFO | Generation order determined: 52 tables
2026-04-12 19:24:02,583 | DEBUG | DataGenerator: table='tstg_aa_product' seed=1298262829 (profile=default)
2026-04-12 19:24:02,613 | DEBUG |   tstg_aa_product: 50 / 50 rows generated
2026-04-12 19:24:02,615 | INFO | CSV written: output\tstg_aa_product.csv  (50 rows, 0.01 MB)
2026-04-12 19:24:02,616 | DEBUG | DataGenerator: table='tstg_ac_charge_request' seed=2013986974 (profile=default)
2026-04-12 19:24:02,640 | DEBUG |   tstg_ac_charge_request: 50 / 50 rows generated
2026-04-12 19:24:02,655 | INFO | CSV written: output\tstg_ac_charge_request.csv  (50 rows, 0.03 MB)
2026-04-12 19:24:02,657 | DEBUG | DataGenerator: table='tstg_ac_locked_events' seed=1735824474 (profile=default)
2026-04-12 19:24:02,675 | DEBUG |   tstg_ac_locked_events: 50 / 50 rows generated
2026-04-12 19:24:02,677 | INFO | CSV written: output\tstg_ac_locked_events.csv  (50 rows, 0.01 MB)
2026-04-12 19:24:02,677 | DEBUG | DataGenerator: table='tstg_company' seed=652513315 (profile=default)
2026-04-12 19:24:02,698 | DEBUG |   tstg_company: 50 / 50 rows generated
2026-04-12 19:24:02,698 | INFO | CSV written: output\tstg_company.csv  (50 rows, 0.01 MB)
2026-04-12 19:24:02,704 | DEBUG | DataGenerator: table='tstg_eb_queries_answers' seed=1161532387 (profile=default)
2026-04-12 19:24:02,855 | DEBUG |   tstg_eb_queries_answers: 50 / 50 rows generated
2026-04-12 19:24:02,859 | INFO | CSV written: output\tstg_eb_queries_answers.csv  (50 rows, 0.09 MB)
2026-04-12 19:24:02,859 | DEBUG | DataGenerator: table='tstg_por_supplementary_info' seed=1748449978 (profile=default)
2026-04-12 19:24:02,957 | DEBUG |   tstg_por_supplementary_info: 50 / 50 rows generated
2026-04-12 19:24:02,958 | INFO | CSV written: output\tstg_por_supplementary_info.csv  (50 rows, 0.07 MB)
2026-04-12 19:24:02,958 | DEBUG | DataGenerator: table='tstg_por_transaction_and_confirmation' seed=823577325 (profile=default)
2026-04-12 19:24:02,967 | DEBUG |   tstg_por_transaction_and_confirmation: 50 / 50 rows generated
2026-04-12 19:24:02,971 | INFO | CSV written: output\tstg_por_transaction_and_confirmation.csv  (50 rows, 0.00 MB)
2026-04-12 19:24:02,973 | DEBUG | DataGenerator: table='tstg_re_stat_line_cont_details' seed=238688999 (profile=default)
2026-04-12 19:24:02,993 | DEBUG |   tstg_re_stat_line_cont_details: 50 / 50 rows generated
2026-04-12 19:24:02,993 | INFO | CSV written: output\tstg_re_stat_line_cont_details.csv  (50 rows, 0.01 MB)
2026-04-12 19:24:02,993 | DEBUG | DataGenerator: table='tstg_aa_product_details' seed=1215531763 (profile=default)
2026-04-12 19:24:03,016 | DEBUG |   tstg_aa_product_details: 50 / 50 rows generated
2026-04-12 19:24:03,016 | INFO | CSV written: output\tstg_aa_product_details.csv  (50 rows, 0.01 MB)
2026-04-12 19:24:03,022 | DEBUG | DataGenerator: table='tstg_ac_charge_request_details' seed=1984787122 (profile=default)
2026-04-12 19:24:03,052 | DEBUG |   tstg_ac_charge_request_details: 50 / 50 rows generated
2026-04-12 19:24:03,052 | INFO | CSV written: output\tstg_ac_charge_request_details.csv  (50 rows, 0.01 MB)
2026-04-12 19:24:03,055 | DEBUG | DataGenerator: table='tstg_ac_locked_events_details' seed=1085475454 (profile=default)
2026-04-12 19:24:03,070 | DEBUG |   tstg_ac_locked_events_details: 50 / 50 rows generated
2026-04-12 19:24:03,071 | INFO | CSV written: output\tstg_ac_locked_events_details.csv  (50 rows, 0.00 MB)
2026-04-12 19:24:03,073 | DEBUG | DataGenerator: table='tstg_category' seed=914661953 (profile=default)
2026-04-12 19:24:03,093 | DEBUG |   tstg_category: 300 / 300 rows generated
2026-04-12 19:24:03,095 | INFO | CSV written: output\tstg_category.csv  (300 rows, 0.02 MB)
2026-04-12 19:24:03,096 | DEBUG | DataGenerator: table='tstg_company_details' seed=139159312 (profile=default)
2026-04-12 19:24:03,117 | DEBUG |   tstg_company_details: 50 / 50 rows generated
2026-04-12 19:24:03,118 | INFO | CSV written: output\tstg_company_details.csv  (50 rows, 0.01 MB)
2026-04-12 19:24:03,120 | DEBUG | DataGenerator: table='tstg_currency' seed=1037102965 (profile=default)
2026-04-12 19:24:03,226 | DEBUG |   tstg_currency: 500 / 500 rows generated
2026-04-12 19:24:03,240 | INFO | CSV written: output\tstg_currency.csv  (500 rows, 0.07 MB)
2026-04-12 19:24:03,241 | DEBUG | DataGenerator: table='tstg_dates' seed=1836573549 (profile=default)
2026-04-12 19:24:03,292 | DEBUG |   tstg_dates: 250 / 250 rows generated
2026-04-12 19:24:03,297 | INFO | CSV written: output\tstg_dates.csv  (250 rows, 0.03 MB)
2026-04-12 19:24:03,297 | DEBUG | DataGenerator: table='tstg_dept_acct_officer' seed=1733982745 (profile=default)
2026-04-12 19:24:03,326 | DEBUG |   tstg_dept_acct_officer: 250 / 250 rows generated
2026-04-12 19:24:03,339 | INFO | CSV written: output\tstg_dept_acct_officer.csv  (250 rows, 0.03 MB)
2026-04-12 19:24:03,342 | DEBUG | DataGenerator: table='tstg_industry' seed=975272890 (profile=default)
2026-04-12 19:24:03,393 | DEBUG |   tstg_industry: 500 / 500 rows generated
2026-04-12 19:24:03,393 | INFO | CSV written: output\tstg_industry.csv  (500 rows, 0.05 MB)
2026-04-12 19:24:03,393 | DEBUG | DataGenerator: table='tstg_pp_messagetype' seed=373353271 (profile=default)
2026-04-12 19:24:03,459 | DEBUG |   tstg_pp_messagetype: 250 / 250 rows generated
2026-04-12 19:24:03,459 | INFO | CSV written: output\tstg_pp_messagetype.csv  (250 rows, 0.07 MB)
2026-04-12 19:24:03,459 | DEBUG | DataGenerator: table='tstg_pp_statuscode' seed=669082413 (profile=default)
2026-04-12 19:24:03,525 | DEBUG |   tstg_pp_statuscode: 250 / 250 rows generated
2026-04-12 19:24:03,525 | INFO | CSV written: output\tstg_pp_statuscode.csv  (250 rows, 0.04 MB)
2026-04-12 19:24:03,525 | DEBUG | DataGenerator: table='tstg_ppt_receivedbulkdetails' seed=2048659592 (profile=default)
2026-04-12 19:24:03,941 | DEBUG |   tstg_ppt_receivedbulkdetails: 250 / 250 rows generated
2026-04-12 19:24:03,941 | INFO | CSV written: output\tstg_ppt_receivedbulkdetails.csv  (250 rows, 0.26 MB)
2026-04-12 19:24:03,954 | DEBUG | DataGenerator: table='tstg_sector' seed=87721655 (profile=default)
2026-04-12 19:24:03,981 | DEBUG |   tstg_sector: 400 / 400 rows generated
2026-04-12 19:24:03,981 | INFO | CSV written: output\tstg_sector.csv  (400 rows, 0.03 MB)
2026-04-12 19:24:03,983 | DEBUG | DataGenerator: table='tstg_transaction' seed=1782785822 (profile=default)
2026-04-12 19:24:04,276 | DEBUG |   tstg_transaction: 750 / 750 rows generated
2026-04-12 19:24:04,294 | INFO | CSV written: output\tstg_transaction.csv  (750 rows, 0.19 MB)
2026-04-12 19:24:04,297 | DEBUG | DataGenerator: table='tstg_eb_queries_answers_details' seed=164448779 (profile=default)
2026-04-12 19:24:04,386 | DEBUG |   tstg_eb_queries_answers_details: 50 / 50 rows generated
2026-04-12 19:24:04,390 | INFO | CSV written: output\tstg_eb_queries_answers_details.csv  (50 rows, 0.06 MB)
2026-04-12 19:24:04,394 | DEBUG | DataGenerator: table='tstg_por_supplementary_info_details' seed=1168524143 (profile=default)
2026-04-12 19:24:04,450 | DEBUG |   tstg_por_supplementary_info_details: 50 / 50 rows generated
2026-04-12 19:24:04,453 | INFO | CSV written: output\tstg_por_supplementary_info_details.csv  (50 rows, 0.02 MB)
2026-04-12 19:24:04,456 | DEBUG | DataGenerator: table='tstg_por_transaction_and_confirmation_details' seed=1361439668 (profile=default)
2026-04-12 19:24:04,758 | DEBUG |   tstg_por_transaction_and_confirmation_details: 50 / 50 rows generated
2026-04-12 19:24:04,763 | INFO | CSV written: output\tstg_por_transaction_and_confirmation_details.csv  (50 rows, 0.08 MB)
2026-04-12 19:24:04,764 | DEBUG | DataGenerator: table='tstg_aa_arr_account' seed=488951456 (profile=default)
2026-04-12 19:24:06,843 | DEBUG |   tstg_aa_arr_account: 1500 / 1500 rows generated
2026-04-12 19:24:06,879 | INFO | CSV written: output\tstg_aa_arr_account.csv  (1500 rows, 1.44 MB)
2026-04-12 19:24:06,879 | DEBUG | DataGenerator: table='tstg_country' seed=369146000 (profile=default)
2026-04-12 19:24:07,191 | DEBUG |   tstg_country: 1000 / 1000 rows generated
2026-04-12 19:24:07,206 | INFO | CSV written: output\tstg_country.csv  (1000 rows, 0.18 MB)
2026-04-12 19:24:07,209 | DEBUG | DataGenerator: table='tstg_currency_details' seed=1078284508 (profile=default)
2026-04-12 19:24:07,461 | DEBUG |   tstg_currency_details: 500 / 500 rows generated
2026-04-12 19:24:07,478 | INFO | CSV written: output\tstg_currency_details.csv  (500 rows, 0.14 MB)
2026-04-12 19:24:07,480 | DEBUG | DataGenerator: table='tstg_pp_messagetype_details' seed=1786026634 (profile=default)
2026-04-12 19:24:07,536 | DEBUG |   tstg_pp_messagetype_details: 250 / 250 rows generated
2026-04-12 19:24:07,540 | INFO | CSV written: output\tstg_pp_messagetype_details.csv  (250 rows, 0.02 MB)
2026-04-12 19:24:07,542 | DEBUG | DataGenerator: table='tstg_por_transaction' seed=549034667 (profile=default)
2026-04-12 19:24:33,123 | DEBUG |   tstg_por_transaction: 3750 / 3750 rows generated
2026-04-12 19:24:33,340 | INFO | CSV written: output\tstg_por_transaction.csv  (3750 rows, 7.30 MB)
2026-04-12 19:24:33,354 | DEBUG | DataGenerator: table='tstg_pp_statuscode_details' seed=1336170783 (profile=default)
2026-04-12 19:24:33,389 | DEBUG |   tstg_pp_statuscode_details: 250 / 250 rows generated
2026-04-12 19:24:33,391 | INFO | CSV written: output\tstg_pp_statuscode_details.csv  (250 rows, 0.02 MB)
2026-04-12 19:24:33,394 | DEBUG | DataGenerator: table='tstg_ppt_receivedbulkdetails_details' seed=952368384 (profile=default)
2026-04-12 19:24:33,428 | DEBUG |   tstg_ppt_receivedbulkdetails_details: 250 / 250 rows generated
2026-04-12 19:24:33,429 | INFO | CSV written: output\tstg_ppt_receivedbulkdetails_details.csv  (250 rows, 0.02 MB)
2026-04-12 19:24:33,429 | DEBUG | DataGenerator: table='tstg_aa_arr_account_details' seed=1062579358 (profile=default)
2026-04-12 19:24:35,496 | DEBUG |   tstg_aa_arr_account_details: 1500 / 1500 rows generated
2026-04-12 19:24:35,542 | INFO | CSV written: output\tstg_aa_arr_account_details.csv  (1500 rows, 1.78 MB)
2026-04-12 19:24:35,554 | DEBUG | DataGenerator: table='tstg_account' seed=87931183 (profile=default)
2026-04-12 19:24:36,121 | DEBUG |   tstg_account: 900 / 900 rows generated
2026-04-12 19:24:36,141 | INFO | CSV written: output\tstg_account.csv  (900 rows, 0.36 MB)
2026-04-12 19:24:36,144 | DEBUG | DataGenerator: table='tstg_collateral' seed=1361962285 (profile=default)
2026-04-12 19:24:36,213 | DEBUG |   tstg_collateral: 50 / 50 rows generated
2026-04-12 19:24:36,216 | INFO | CSV written: output\tstg_collateral.csv  (50 rows, 0.04 MB)
2026-04-12 19:24:36,217 | DEBUG | DataGenerator: table='tstg_customer' seed=578093627 (profile=default)
2026-04-12 19:24:57,172 | DEBUG |   tstg_customer: 10000 / 12500 rows generated
2026-04-12 19:25:02,621 | DEBUG |   tstg_customer: 12500 / 12500 rows generated
2026-04-12 19:25:02,737 | INFO | CSV written: output\tstg_customer.csv  (12500 rows, 20.55 MB)
2026-04-12 19:25:02,752 | DEBUG | DataGenerator: table='tstg_pp_order_entry' seed=612133474 (profile=default)
2026-04-12 19:25:53,203 | DEBUG |   tstg_pp_order_entry: 10000 / 37500 rows generated
2026-04-12 19:27:01,482 | DEBUG |   tstg_pp_order_entry: 20000 / 37500 rows generated
2026-04-12 19:27:54,912 | DEBUG |   tstg_pp_order_entry: 30000 / 37500 rows generated
2026-04-12 19:28:34,814 | DEBUG |   tstg_pp_order_entry: 37500 / 37500 rows generated
2026-04-12 19:28:35,442 | INFO | CSV written: output\tstg_pp_order_entry.csv  (37500 rows, 83.08 MB)
2026-04-12 19:28:35,462 | DEBUG | DataGenerator: table='tstg_account_details' seed=1939882208 (profile=default)
2026-04-12 19:28:36,527 | DEBUG |   tstg_account_details: 900 / 900 rows generated
2026-04-12 19:28:36,550 | INFO | CSV written: output\tstg_account_details.csv  (900 rows, 0.60 MB)
2026-04-12 19:28:36,559 | DEBUG | DataGenerator: table='tstg_aa_arrangement' seed=2026781622 (profile=default)
2026-04-12 19:28:36,719 | DEBUG |   tstg_aa_arrangement: 150 / 150 rows generated
2026-04-12 19:28:36,719 | INFO | CSV written: output\tstg_aa_arrangement.csv  (150 rows, 0.13 MB)
2026-04-12 19:28:36,719 | INFO | Parallel generation: tstg_atm_transaction | 187500 rows | 19 chunks | 4 workers
2026-04-12 19:29:19,627 | INFO | Parallel generation complete: tstg_atm_transaction | 187500 rows written across 19 chunks
2026-04-12 19:29:23,742 | INFO | Merged CSV: output\tstg_atm_transaction.csv (117.33 MB)
2026-04-12 19:29:25,894 | DEBUG | Registered 187500 PK values for tstg_atm_transaction.atm_txn_id
2026-04-12 19:29:25,976 | DEBUG | DataGenerator: table='tstg_customer_details' seed=1604687460 (profile=default)
2026-04-12 19:29:47,031 | DEBUG |   tstg_customer_details: 10000 / 12500 rows generated
2026-04-12 19:29:52,939 | DEBUG |   tstg_customer_details: 12500 / 12500 rows generated
2026-04-12 19:29:53,040 | INFO | CSV written: output\tstg_customer_details.csv  (12500 rows, 16.05 MB)
2026-04-12 19:29:53,040 | DEBUG | DataGenerator: table='tstg_eb_contract_balances' seed=177834289 (profile=default)
2026-04-12 19:29:53,152 | DEBUG |   tstg_eb_contract_balances: 100 / 100 rows generated
2026-04-12 19:29:53,156 | INFO | CSV written: output\tstg_eb_contract_balances.csv  (100 rows, 0.06 MB)
2026-04-12 19:29:53,158 | DEBUG | DataGenerator: table='tstg_stmt_entry' seed=1424599271 (profile=default)
2026-04-12 19:30:08,793 | DEBUG |   tstg_stmt_entry: 10000 / 18000 rows generated
2026-04-12 19:30:23,122 | DEBUG |   tstg_stmt_entry: 18000 / 18000 rows generated
2026-04-12 19:30:23,488 | INFO | CSV written: output\tstg_stmt_entry.csv  (18000 rows, 16.46 MB)
2026-04-12 19:30:23,488 | DEBUG | DataGenerator: table='tstg_pp_order_entry_details' seed=1262296606 (profile=default)
2026-04-12 19:30:56,632 | DEBUG |   tstg_pp_order_entry_details: 10000 / 37500 rows generated
2026-04-12 19:31:30,671 | DEBUG |   tstg_pp_order_entry_details: 20000 / 37500 rows generated
2026-04-12 19:32:04,233 | DEBUG |   tstg_pp_order_entry_details: 30000 / 37500 rows generated
2026-04-12 19:33:19,952 | DEBUG |   tstg_pp_order_entry_details: 37500 / 37500 rows generated
2026-04-12 19:33:21,011 | INFO | CSV written: output\tstg_pp_order_entry_details.csv  (37500 rows, 56.51 MB)
2026-04-12 19:33:21,047 | DEBUG | DataGenerator: table='tstg_aa_accountdetail' seed=1277604578 (profile=default)
2026-04-12 19:33:22,517 | DEBUG |   tstg_aa_accountdetail: 450 / 450 rows generated
2026-04-12 19:33:22,560 | INFO | CSV written: output\tstg_aa_accountdetail.csv  (450 rows, 0.30 MB)
2026-04-12 19:33:22,563 | DEBUG | DataGenerator: table='tstg_aa_arrangement_activity' seed=2062414312 (profile=default)
2026-04-12 19:33:26,652 | DEBUG |   tstg_aa_arrangement_activity: 1200 / 1200 rows generated
2026-04-12 19:33:26,727 | INFO | CSV written: output\tstg_aa_arrangement_activity.csv  (1200 rows, 0.93 MB)
2026-04-12 19:33:26,733 | DEBUG | DataGenerator: table='tstg_aa_arrangement_details' seed=1313155677 (profile=default)
2026-04-12 19:33:26,830 | DEBUG |   tstg_aa_arrangement_details: 150 / 150 rows generated
2026-04-12 19:33:26,832 | INFO | CSV written: output\tstg_aa_arrangement_details.csv  (150 rows, 0.01 MB)
2026-04-12 19:33:26,832 | INFO | Parallel generation: tstg_atm_transaction_details | 187500 rows | 19 chunks | 4 workers
2026-04-12 19:33:45,625 | INFO | Parallel generation complete: tstg_atm_transaction_details | 187500 rows written across 19 chunks
2026-04-12 19:33:48,864 | INFO | Merged CSV: output\tstg_atm_transaction_details.csv (35.43 MB)
2026-04-12 19:33:50,912 | DEBUG | Registered 187500 PK values for tstg_atm_transaction_details.atm_txn_id
2026-04-12 19:33:51,039 | DEBUG | DataGenerator: table='tstg_eb_contract_balances_details' seed=1052423502 (profile=default)
2026-04-12 19:33:51,646 | DEBUG |   tstg_eb_contract_balances_details: 100 / 100 rows generated
2026-04-12 19:33:51,664 | INFO | CSV written: output\tstg_eb_contract_balances_details.csv  (100 rows, 0.09 MB)
2026-04-12 19:33:51,672 | DEBUG | DataGenerator: table='tstg_stmt_entry_details' seed=151602961 (profile=default)
2026-04-12 19:34:14,144 | DEBUG |   tstg_stmt_entry_details: 10000 / 18000 rows generated
2026-04-12 19:34:33,346 | DEBUG |   tstg_stmt_entry_details: 18000 / 18000 rows generated
2026-04-12 19:34:33,773 | INFO | CSV written: output\tstg_stmt_entry_details.csv  (18000 rows, 8.72 MB)
2026-04-12 19:34:33,790 | DEBUG | DataGenerator: table='tstg_aa_accountdetail_details' seed=15051902 (profile=default)
2026-04-12 19:34:36,130 | DEBUG |   tstg_aa_accountdetail_details: 450 / 450 rows generated
2026-04-12 19:34:36,178 | INFO | CSV written: output\tstg_aa_accountdetail_details.csv  (450 rows, 0.53 MB)
2026-04-12 19:34:36,188 | DEBUG | DataGenerator: table='tstg_aa_arrangement_activity_details' seed=1625906462 (profile=default)
2026-04-12 19:34:40,076 | DEBUG |   tstg_aa_arrangement_activity_details: 1200 / 1200 rows generated
2026-04-12 19:34:40,156 | INFO | CSV written: output\tstg_aa_arrangement_activity_details.csv  (1200 rows, 0.85 MB)
2026-04-12 19:34:40,164 | INFO | Seed profile 'default' registered: run_id=20260412_192402
